<?xml version="1.0" encoding="UTF-8"?>
<testng-results ignored="0" total="1" passed="1" failed="0" skipped="0">
  <reporter-output>
  </reporter-output>
  <suite started-at="2024-02-22T20:31:23 IST" name="Cucumber Testing Using TestNG" finished-at="2024-02-22T20:31:23 IST" duration-ms="300">
    <groups>
      <group name="cucumber">
        <method signature="TestRunner.feature(cucumber.api.testng.CucumberFeatureWrapper)[pri:0, instance:Runner.TestRunner@ef9296d]" name="feature" class="Runner.TestRunner"/>
      </group> <!-- cucumber -->
    </groups>
    <test started-at="2024-02-22T20:31:23 IST" name="CucumberTestNG" finished-at="2024-02-22T20:31:23 IST" duration-ms="300">
      <class name="Runner.TestRunner">
        <test-method is-config="true" signature="setUpClass()[pri:0, instance:Runner.TestRunner@ef9296d]" started-at="2024-02-22T20:31:23 IST" name="setUpClass" finished-at="2024-02-22T20:31:23 IST" duration-ms="162" status="PASS">
          <reporter-output>
          </reporter-output>
        </test-method> <!-- setUpClass -->
        <test-method signature="feature(cucumber.api.testng.CucumberFeatureWrapper)[pri:0, instance:Runner.TestRunner@ef9296d]" started-at="2024-02-22T20:31:23 IST" name="feature" description="Runs Cucumber Feature" data-provider="features" finished-at="2024-02-22T20:31:23 IST" duration-ms="30" status="PASS">
          <params>
            <param index="0">
              <value>
                <![CDATA[Free CRM Login Feature]]>
              </value>
            </param>
          </params>
          <reporter-output>
          </reporter-output>
        </test-method> <!-- feature -->
        <test-method is-config="true" signature="tearDownClass()[pri:0, instance:Runner.TestRunner@ef9296d]" started-at="2024-02-22T20:31:23 IST" name="tearDownClass" finished-at="2024-02-22T20:31:23 IST" duration-ms="10" status="PASS">
          <reporter-output>
          </reporter-output>
        </test-method> <!-- tearDownClass -->
      </class> <!-- Runner.TestRunner -->
    </test> <!-- CucumberTestNG -->
  </suite> <!-- Cucumber Testing Using TestNG -->
</testng-results>
